*** ERS log file - 2024-05-09_10:10:47:292 ***
records file updated successfully 

[0]michel,34,chef
[1]lilo,1,no
[2]lila,21,student
[3]mario,24,kine
[4]jean,5,child
[0]michel
[1]lilo
[2]lila
[3]mario
[4]jean
records file updated successfully
add employee : garozzo,1,no
[0]michel,34,chef
[1]lilo,1,no
[2]lila,21,student
[3]mario,24,kine
[4]jean,5,child
[5]garozzo,1,no
records file updated successfully
remove employee : index5
[0]michel,34,chef
[1]lilo,1,no
[2]lila,21,student
[3]mario,24,kine
[4]jean,5,child
